d:\onedrive\school\nbcc\fall 2018\game development in c++\class work\sfml\sfml\debug\vc141.pdb
d:\onedrive\school\nbcc\fall 2018\game development in c++\class work\sfml\sfml\debug\vc141.idb
d:\onedrive\school\nbcc\fall 2018\game development in c++\class work\sfml\sfml\debug\state.obj
d:\onedrive\school\nbcc\fall 2018\game development in c++\class work\sfml\sfml\debug\spritenode.obj
d:\onedrive\school\nbcc\fall 2018\game development in c++\class work\sfml\sfml\debug\source.obj
d:\onedrive\school\nbcc\fall 2018\game development in c++\class work\sfml\sfml\debug\scenenode.obj
d:\onedrive\school\nbcc\fall 2018\game development in c++\class work\sfml\sfml\debug\resourceidentifier.obj
d:\onedrive\school\nbcc\fall 2018\game development in c++\class work\sfml\sfml\debug\projectile.obj
d:\onedrive\school\nbcc\fall 2018\game development in c++\class work\sfml\sfml\debug\playercontrol.obj
d:\onedrive\school\nbcc\fall 2018\game development in c++\class work\sfml\sfml\debug\pickup.obj
d:\onedrive\school\nbcc\fall 2018\game development in c++\class work\sfml\sfml\debug\pausestate.obj
d:\onedrive\school\nbcc\fall 2018\game development in c++\class work\sfml\sfml\debug\menustate.obj
d:\onedrive\school\nbcc\fall 2018\game development in c++\class work\sfml\sfml\debug\gexstate.obj
d:\onedrive\school\nbcc\fall 2018\game development in c++\class work\sfml\sfml\debug\gamestate.obj
d:\onedrive\school\nbcc\fall 2018\game development in c++\class work\sfml\sfml\debug\fontmanager.obj
d:\onedrive\school\nbcc\fall 2018\game development in c++\class work\sfml\sfml\debug\entity.obj
d:\onedrive\school\nbcc\fall 2018\game development in c++\class work\sfml\sfml\debug\datatables.obj
d:\onedrive\school\nbcc\fall 2018\game development in c++\class work\sfml\sfml\debug\commandqueue.obj
d:\onedrive\school\nbcc\fall 2018\game development in c++\class work\sfml\sfml\debug\command.obj
d:\onedrive\school\nbcc\fall 2018\game development in c++\class work\sfml\sfml\debug\application.obj
d:\onedrive\school\nbcc\fall 2018\game development in c++\class work\sfml\sfml\debug\aircraft.obj
d:\onedrive\school\nbcc\fall 2018\game development in c++\class work\sfml\sfml\debug\world.obj
d:\onedrive\school\nbcc\fall 2018\game development in c++\class work\sfml\sfml\debug\utility.obj
d:\onedrive\school\nbcc\fall 2018\game development in c++\class work\sfml\sfml\debug\titlestate.obj
d:\onedrive\school\nbcc\fall 2018\game development in c++\class work\sfml\sfml\debug\texturemanager.obj
d:\onedrive\school\nbcc\fall 2018\game development in c++\class work\sfml\sfml\debug\textnode.obj
d:\onedrive\school\nbcc\fall 2018\game development in c++\class work\sfml\sfml\debug\statestack.obj
d:\onedrive\school\nbcc\fall 2018\game development in c++\class work\sfml\sfml\debug\gameoverstate.obj
d:\onedrive\school\nbcc\fall 2018\game development in c++\class work\sfml\debug\sfml.pdb
d:\onedrive\school\nbcc\fall 2018\game development in c++\class work\sfml\sfml\debug\sfml.tlog\cl.command.1.tlog
d:\onedrive\school\nbcc\fall 2018\game development in c++\class work\sfml\sfml\debug\sfml.tlog\cl.read.1.tlog
d:\onedrive\school\nbcc\fall 2018\game development in c++\class work\sfml\sfml\debug\sfml.tlog\cl.write.1.tlog
d:\onedrive\school\nbcc\fall 2018\game development in c++\class work\sfml\sfml\debug\sfml.tlog\link-cvtres.read.1.tlog
d:\onedrive\school\nbcc\fall 2018\game development in c++\class work\sfml\sfml\debug\sfml.tlog\link-cvtres.write.1.tlog
d:\onedrive\school\nbcc\fall 2018\game development in c++\class work\sfml\sfml\debug\sfml.tlog\link-rc.read.1.tlog
d:\onedrive\school\nbcc\fall 2018\game development in c++\class work\sfml\sfml\debug\sfml.tlog\link-rc.write.1.tlog
d:\onedrive\school\nbcc\fall 2018\game development in c++\class work\sfml\sfml\debug\sfml.tlog\link.command.1.tlog
d:\onedrive\school\nbcc\fall 2018\game development in c++\class work\sfml\sfml\debug\sfml.tlog\link.read.1.tlog
d:\onedrive\school\nbcc\fall 2018\game development in c++\class work\sfml\sfml\debug\sfml.tlog\link.write.1.tlog
